C:\USERS\PINEOC\SKYDRIVE\PROJECT\HAN_PROJECT\COCOS2D-X-2.1.4\COCOSDENSHION\PROJ.WIN32\DEBUG.WIN32\MCIPLAYER.OBJ
C:\USERS\PINEOC\SKYDRIVE\PROJECT\HAN_PROJECT\COCOS2D-X-2.1.4\COCOSDENSHION\PROJ.WIN32\DEBUG.WIN32\SIMPLEAUDIOENGINE.OBJ
C:\USERS\PINEOC\SKYDRIVE\PROJECT\HAN_PROJECT\COCOS2D-X-2.1.4\COCOSDENSHION\PROJ.WIN32\DEBUG.WIN32\VC110.PDB
C:\USERS\PINEOC\SKYDRIVE\PROJECT\HAN_PROJECT\COCOS2D-X-2.1.4\PROJECTS\GAMESTUDY\PROJ.WIN32\DEBUG.WIN32\LIBCOCOSDENSHION.DLL
C:\USERS\PINEOC\SKYDRIVE\PROJECT\HAN_PROJECT\COCOS2D-X-2.1.4\PROJECTS\GAMESTUDY\PROJ.WIN32\DEBUG.WIN32\LIBCOCOSDENSHION.PDB
C:\USERS\PINEOC\SKYDRIVE\PROJECT\HAN_PROJECT\COCOS2D-X-2.1.4\PROJECTS\FOOD_GAME\PROJ.WIN32\DEBUG.WIN32\LIBCOCOSDENSHION.DLL
C:\USERS\PINEOC\SKYDRIVE\PROJECT\HAN_PROJECT\COCOS2D-X-2.1.4\PROJECTS\FOOD_GAME\PROJ.WIN32\DEBUG.WIN32\LIBCOCOSDENSHION.PDB
C:\Users\pineoc\Documents\GitHub\hungrygame\CocosDenshion\proj.win32\Debug.win32\MciPlayer.obj
C:\Users\pineoc\Documents\GitHub\hungrygame\CocosDenshion\proj.win32\Debug.win32\SimpleAudioEngine.obj
C:\Users\pineoc\Documents\GitHub\hungrygame\CocosDenshion\proj.win32\Debug.win32\cl.command.1.tlog
C:\Users\pineoc\Documents\GitHub\hungrygame\CocosDenshion\proj.win32\Debug.win32\CL.read.1.tlog
C:\Users\pineoc\Documents\GitHub\hungrygame\CocosDenshion\proj.win32\Debug.win32\CL.write.1.tlog
C:\Users\pineoc\Documents\GitHub\hungrygame\CocosDenshion\proj.win32\Debug.win32\libCocosDenshion.write.1.tlog
C:\Users\pineoc\Documents\GitHub\hungrygame\CocosDenshion\proj.win32\Debug.win32\link-cvtres.read.1.tlog
C:\Users\pineoc\Documents\GitHub\hungrygame\CocosDenshion\proj.win32\Debug.win32\link-cvtres.write.1.tlog
C:\Users\pineoc\Documents\GitHub\hungrygame\CocosDenshion\proj.win32\Debug.win32\link-rc.read.1.tlog
C:\Users\pineoc\Documents\GitHub\hungrygame\CocosDenshion\proj.win32\Debug.win32\link-rc.write.1.tlog
C:\Users\pineoc\Documents\GitHub\hungrygame\CocosDenshion\proj.win32\Debug.win32\link.command.1.tlog
C:\Users\pineoc\Documents\GitHub\hungrygame\CocosDenshion\proj.win32\Debug.win32\link.read.1.tlog
C:\Users\pineoc\Documents\GitHub\hungrygame\CocosDenshion\proj.win32\Debug.win32\link.write.1.tlog
C:\Users\pineoc\Documents\GitHub\hungrygame\CocosDenshion\proj.win32\Debug.win32\vc110.idb
C:\Users\pineoc\Documents\GitHub\hungrygame\CocosDenshion\proj.win32\Debug.win32\vc110.pdb
C:\Users\pineoc\Documents\GitHub\hungrygame\Debug.win32\libCocosDenshion.pdb
C:\Users\pineoc\Documents\GitHub\hungrygame\Debug.win32\libCocosDenshion.dll
