빌드 시작: 2013-09-04 오후 11:56:15
     1>3 노드의 "C:\Users\pineoc\Documents\GitHub\hungrygame\extensions\proj.win32\libExtensions.vcxproj" 프로젝트(Rebuild 대상)입니다.
     1>ClCompile:
         C:\Program Files (x86)\Microsoft Visual Studio 11.0\VC\bin\CL.exe /c /I"C:\Program Files (x86)\Microsoft SDKs\Windows\v7.1A\include" /IC:\Users\pineoc\Documents\GitHub\hungrygame\extensions\proj.win32\..\..\external\chipmunk\include\chipmunk /IC:\Users\pineoc\Documents\GitHub\hungrygame\extensions\proj.win32\..\..\external\sqlite3\include /IC:\Users\pineoc\Documents\GitHub\hungrygame\extensions\proj.win32\..\..\external /IC:\Users\pineoc\Documents\GitHub\hungrygame\extensions\proj.win32\..\..\external\libwebsockets\win32\include /IC:\Users\pineoc\Documents\GitHub\hungrygame\extensions\proj.win32\..\..\cocos2dx /IC:\Users\pineoc\Documents\GitHub\hungrygame\extensions\proj.win32\..\..\cocos2dx\include /IC:\Users\pineoc\Documents\GitHub\hungrygame\extensions\proj.win32\..\..\cocos2dx\kazmath\include /IC:\Users\pineoc\Documents\GitHub\hungrygame\extensions\proj.win32\..\..\cocos2dx\platform\win32 /IC:\Users\pineoc\Documents\GitHub\hungrygame\extensions\proj.win32\..\..\cocos2dx\platform\third_party\win32 /IC:\Users\pineoc\Documents\GitHub\hungrygame\extensions\proj.win32\..\..\cocos2dx\platform\third_party\win32\pthread /IC:\Users\pineoc\Documents\GitHub\hungrygame\extensions\proj.win32\..\..\cocos2dx\platform\third_party\win32\OGLES /IC:\Users\pineoc\Documents\GitHub\hungrygame\extensions\proj.win32\..\..\cocos2dx\platform\third_party\win32\zlib /IC:\Users\pineoc\Documents\GitHub\hungrygame\extensions\proj.win32\..\..\CocosDenshion\include /I..\ /ZI /nologo /W3 /WX- /Od /Oy- /D WIN32 /D _WINDOWS /D _DEBUG /D _LIB /D COCOS2D_DEBUG=1 /D CC_ENABLE_CHIPMUNK_INTEGRATION=1 /D _CRT_SECURE_NO_WARNINGS /D _SCL_SECURE_NO_WARNINGS /D _USING_V110_SDK71_ /D _UNICODE /D UNICODE /Gm /EHsc /RTC1 /MDd /GS /fp:precise /Zc:wchar_t /Zc:forScope /Fo"Debug.win32\\" /Fd"Debug.win32\vc110.pdb" /Gd /TP /wd4267 /wd4251 /wd4244 /analyze- /errorReport:prompt ..\AssetsManager\AssetsManager.cpp ..\CCArmature\animation\CCArmatureAnimation.cpp ..\CCArmature\animation\CCProcessBase.cpp ..\CCArmature\animation\CCTween.cpp ..\CCArmature\CCArmature.cpp ..\CCArmature\CCBone.cpp ..\CCArmature\datas\CCDatas.cpp ..\CCArmature\display\CCBatchNode.cpp ..\CCArmature\display\CCDecorativeDisplay.cpp ..\CCArmature\display\CCDisplayFactory.cpp ..\CCArmature\display\CCDisplayManager.cpp ..\CCArmature\display\CCShaderNode.cpp ..\CCArmature\display\CCSkin.cpp ..\CCArmature\external_tool\CCTexture2DMutable.cpp "..\CCArmature\external_tool\GLES-Render.cpp" ..\CCArmature\external_tool\Json\CSContentJsonDictionary.cpp ..\CCArmature\external_tool\Json\lib_json\json_reader.cpp ..\CCArmature\external_tool\Json\lib_json\json_value.cpp ..\CCArmature\external_tool\Json\lib_json\json_writer.cpp ..\CCArmature\physics\CCColliderDetector.cpp ..\CCArmature\physics\CCPhysicsWorld.cpp ..\CCArmature\utils\CCArmatureDataManager.cpp ..\CCArmature\utils\CCDataReaderHelper.cpp ..\CCArmature\utils\CCSpriteFrameCacheHelper.cpp ..\CCArmature\utils\CCTransformHelp.cpp ..\CCArmature\utils\CCTweenFunction.cpp ..\CCArmature\utils\CCUtilMath.cpp ..\CCBReader\CCBAnimationManager.cpp ..\CCBReader\CCBFileLoader.cpp ..\CCBReader\CCBKeyframe.cpp ..\CCBReader\CCBReader.cpp ..\CCBReader\CCBSequence.cpp ..\CCBReader\CCBSequenceProperty.cpp ..\CCBReader\CCBValue.cpp ..\CCBReader\CCControlButtonLoader.cpp ..\CCBReader\CCControlLoader.cpp ..\CCBReader\CCData.cpp ..\CCBReader\CCLabelBMFontLoader.cpp ..\CCBReader\CCLabelTTFLoader.cpp ..\CCBReader\CCLayerColorLoader.cpp ..\CCBReader\CCLayerGradientLoader.cpp ..\CCBReader\CCLayerLoader.cpp ..\CCBReader\CCMenuItemImageLoader.cpp ..\CCBReader\CCMenuItemLoader.cpp ..\CCBReader\CCNode+CCBRelativePositioning.cpp ..\CCBReader\CCNodeLoader.cpp ..\CCBReader\CCNodeLoaderLibrary.cpp ..\CCBReader\CCParticleSystemQuadLoader.cpp ..\CCBReader\CCScale9SpriteLoader.cpp ..\CCBReader\CCScrollViewLoader.cpp ..\CCBReader\CCSpriteLoader.cpp ..\Components\CCComAttribute.cpp ..\Components\CCComAudio.cpp ..\Components\CCComController.cpp ..\Components\CCInputDelegate.cpp ..\GUI\CCControlExtension\CCControl.cpp ..\GUI\CCControlExtension\CCControlButton.cpp ..\GUI\CCControlExtension\CCControlColourPicker.cpp ..\GUI\CCControlExtension\CCControlHuePicker.cpp ..\GUI\CCControlExtension\CCControlPotentiometer.cpp ..\GUI\CCControlExtension\CCControlSaturationBrightnessPicker.cpp ..\GUI\CCControlExtension\CCControlSlider.cpp ..\GUI\CCControlExtension\CCControlStepper.cpp ..\GUI\CCControlExtension\CCControlSwitch.cpp ..\GUI\CCControlExtension\CCControlUtils.cpp ..\GUI\CCControlExtension\CCInvocation.cpp ..\GUI\CCControlExtension\CCScale9Sprite.cpp ..\GUI\CCEditBox\CCEditBox.cpp ..\GUI\CCEditBox\CCEditBoxImplWin.cpp ..\GUI\CCScrollView\CCScrollView.cpp ..\GUI\CCScrollView\CCSorting.cpp ..\GUI\CCScrollView\CCTableView.cpp ..\GUI\CCScrollView\CCTableViewCell.cpp ..\LocalStorage\LocalStorage.cpp ..\network\HttpClient.cpp ..\network\Websocket.cpp ..\physics_nodes\CCPhysicsDebugNode.cpp ..\physics_nodes\CCPhysicsSprite.cpp ..\spine\Animation.cpp ..\spine\AnimationState.cpp ..\spine\AnimationStateData.cpp ..\spine\Atlas.cpp ..\spine\AtlasAttachmentLoader.cpp ..\spine\Attachment.cpp ..\spine\AttachmentLoader.cpp ..\spine\Bone.cpp ..\spine\BoneData.cpp ..\spine\CCSkeleton.cpp ..\spine\CCSkeletonAnimation.cpp ..\spine\extension.cpp ..\spine\Json.cpp ..\spine\RegionAttachment.cpp ..\spine\Skeleton.cpp ..\spine\SkeletonData.cpp ..\spine\SkeletonJson.cpp ..\spine\Skin.cpp ..\spine\Slot.cpp ..\spine\SlotData.cpp "..\spine\spine-cocos2dx.cpp" Win32InputBox.cpp
         Win32InputBox.cpp
     1>c:\users\pineoc\documents\github\hungrygame\cocos2dx\platform\ccsaxparser.h : warning C4819: 현재 코드 페이지(949)에서 표시할 수 없는 문자가 파일에 들어 있습니다. 데이터가 손실되지 않게 하려면 해당 파일을 유니코드 형식으로 저장하십시오.
         spine-cocos2dx.cpp
     1>c:\users\pineoc\documents\github\hungrygame\cocos2dx\platform\ccsaxparser.h : warning C4819: 현재 코드 페이지(949)에서 표시할 수 없는 문자가 파일에 들어 있습니다. 데이터가 손실되지 않게 하려면 해당 파일을 유니코드 형식으로 저장하십시오.
         SlotData.cpp
         Slot.cpp
         Skin.cpp
         SkeletonJson.cpp
         SkeletonData.cpp
         Skeleton.cpp
         RegionAttachment.cpp
         Json.cpp
         extension.cpp
         CCSkeletonAnimation.cpp
     1>c:\users\pineoc\documents\github\hungrygame\cocos2dx\platform\ccsaxparser.h : warning C4819: 현재 코드 페이지(949)에서 표시할 수 없는 문자가 파일에 들어 있습니다. 데이터가 손실되지 않게 하려면 해당 파일을 유니코드 형식으로 저장하십시오.
         CCSkeleton.cpp
     1>c:\users\pineoc\documents\github\hungrygame\cocos2dx\platform\ccsaxparser.h : warning C4819: 현재 코드 페이지(949)에서 표시할 수 없는 문자가 파일에 들어 있습니다. 데이터가 손실되지 않게 하려면 해당 파일을 유니코드 형식으로 저장하십시오.
         BoneData.cpp
         Bone.cpp
         AttachmentLoader.cpp
         Attachment.cpp
         AtlasAttachmentLoader.cpp
         Atlas.cpp
         AnimationStateData.cpp
         코드를 생성하고 있습니다...
         컴파일하고 있습니다...
         AnimationState.cpp
         Animation.cpp
         CCPhysicsSprite.cpp
     1>c:\users\pineoc\documents\github\hungrygame\cocos2dx\platform\ccsaxparser.h : warning C4819: 현재 코드 페이지(949)에서 표시할 수 없는 문자가 파일에 들어 있습니다. 데이터가 손실되지 않게 하려면 해당 파일을 유니코드 형식으로 저장하십시오.
         CCPhysicsDebugNode.cpp
     1>c:\users\pineoc\documents\github\hungrygame\cocos2dx\platform\ccsaxparser.h : warning C4819: 현재 코드 페이지(949)에서 표시할 수 없는 문자가 파일에 들어 있습니다. 데이터가 손실되지 않게 하려면 해당 파일을 유니코드 형식으로 저장하십시오.
         Websocket.cpp
     1>c:\users\pineoc\documents\github\hungrygame\cocos2dx\platform\ccsaxparser.h : warning C4819: 현재 코드 페이지(949)에서 표시할 수 없는 문자가 파일에 들어 있습니다. 데이터가 손실되지 않게 하려면 해당 파일을 유니코드 형식으로 저장하십시오.
         HttpClient.cpp
     1>c:\users\pineoc\documents\github\hungrygame\cocos2dx\platform\ccsaxparser.h : warning C4819: 현재 코드 페이지(949)에서 표시할 수 없는 문자가 파일에 들어 있습니다. 데이터가 손실되지 않게 하려면 해당 파일을 유니코드 형식으로 저장하십시오.
         LocalStorage.cpp
     1>c:\users\pineoc\documents\github\hungrygame\cocos2dx\platform\ccsaxparser.h : warning C4819: 현재 코드 페이지(949)에서 표시할 수 없는 문자가 파일에 들어 있습니다. 데이터가 손실되지 않게 하려면 해당 파일을 유니코드 형식으로 저장하십시오.
         CCTableViewCell.cpp
         CCTableView.cpp
     1>c:\users\pineoc\documents\github\hungrygame\cocos2dx\platform\ccsaxparser.h : warning C4819: 현재 코드 페이지(949)에서 표시할 수 없는 문자가 파일에 들어 있습니다. 데이터가 손실되지 않게 하려면 해당 파일을 유니코드 형식으로 저장하십시오.
         CCSorting.cpp
         CCScrollView.cpp
     1>c:\users\pineoc\documents\github\hungrygame\cocos2dx\platform\ccsaxparser.h : warning C4819: 현재 코드 페이지(949)에서 표시할 수 없는 문자가 파일에 들어 있습니다. 데이터가 손실되지 않게 하려면 해당 파일을 유니코드 형식으로 저장하십시오.
         CCEditBoxImplWin.cpp
     1>c:\users\pineoc\documents\github\hungrygame\cocos2dx\platform\ccsaxparser.h : warning C4819: 현재 코드 페이지(949)에서 표시할 수 없는 문자가 파일에 들어 있습니다. 데이터가 손실되지 않게 하려면 해당 파일을 유니코드 형식으로 저장하십시오.
     1>c:\users\pineoc\documents\github\hungrygame\extensions\gui\cccontrolextension\cccontrolpotentiometer.h : warning C4819: 현재 코드 페이지(949)에서 표시할 수 없는 문자가 파일에 들어 있습니다. 데이터가 손실되지 않게 하려면 해당 파일을 유니코드 형식으로 저장하십시오.
         CCEditBox.cpp
     1>c:\users\pineoc\documents\github\hungrygame\cocos2dx\platform\ccsaxparser.h : warning C4819: 현재 코드 페이지(949)에서 표시할 수 없는 문자가 파일에 들어 있습니다. 데이터가 손실되지 않게 하려면 해당 파일을 유니코드 형식으로 저장하십시오.
     1>c:\users\pineoc\documents\github\hungrygame\extensions\gui\cccontrolextension\cccontrolpotentiometer.h : warning C4819: 현재 코드 페이지(949)에서 표시할 수 없는 문자가 파일에 들어 있습니다. 데이터가 손실되지 않게 하려면 해당 파일을 유니코드 형식으로 저장하십시오.
         CCScale9Sprite.cpp
     1>c:\users\pineoc\documents\github\hungrygame\cocos2dx\platform\ccsaxparser.h : warning C4819: 현재 코드 페이지(949)에서 표시할 수 없는 문자가 파일에 들어 있습니다. 데이터가 손실되지 않게 하려면 해당 파일을 유니코드 형식으로 저장하십시오.
         CCInvocation.cpp
         CCControlUtils.cpp
         CCControlSwitch.cpp
     1>c:\users\pineoc\documents\github\hungrygame\cocos2dx\platform\ccsaxparser.h : warning C4819: 현재 코드 페이지(949)에서 표시할 수 없는 문자가 파일에 들어 있습니다. 데이터가 손실되지 않게 하려면 해당 파일을 유니코드 형식으로 저장하십시오.
         CCControlStepper.cpp
     1>c:\users\pineoc\documents\github\hungrygame\cocos2dx\platform\ccsaxparser.h : warning C4819: 현재 코드 페이지(949)에서 표시할 수 없는 문자가 파일에 들어 있습니다. 데이터가 손실되지 않게 하려면 해당 파일을 유니코드 형식으로 저장하십시오.
         CCControlSlider.cpp
     1>c:\users\pineoc\documents\github\hungrygame\cocos2dx\platform\ccsaxparser.h : warning C4819: 현재 코드 페이지(949)에서 표시할 수 없는 문자가 파일에 들어 있습니다. 데이터가 손실되지 않게 하려면 해당 파일을 유니코드 형식으로 저장하십시오.
         CCControlSaturationBrightnessPicker.cpp
     1>c:\users\pineoc\documents\github\hungrygame\cocos2dx\platform\ccsaxparser.h : warning C4819: 현재 코드 페이지(949)에서 표시할 수 없는 문자가 파일에 들어 있습니다. 데이터가 손실되지 않게 하려면 해당 파일을 유니코드 형식으로 저장하십시오.
         코드를 생성하고 있습니다...
         컴파일하고 있습니다...
         CCControlPotentiometer.cpp
     1>c:\users\pineoc\documents\github\hungrygame\extensions\gui\cccontrolextension\cccontrolpotentiometer.h : warning C4819: 현재 코드 페이지(949)에서 표시할 수 없는 문자가 파일에 들어 있습니다. 데이터가 손실되지 않게 하려면 해당 파일을 유니코드 형식으로 저장하십시오.
     1>c:\users\pineoc\documents\github\hungrygame\cocos2dx\platform\ccsaxparser.h : warning C4819: 현재 코드 페이지(949)에서 표시할 수 없는 문자가 파일에 들어 있습니다. 데이터가 손실되지 않게 하려면 해당 파일을 유니코드 형식으로 저장하십시오.
         CCControlHuePicker.cpp
     1>c:\users\pineoc\documents\github\hungrygame\cocos2dx\platform\ccsaxparser.h : warning C4819: 현재 코드 페이지(949)에서 표시할 수 없는 문자가 파일에 들어 있습니다. 데이터가 손실되지 않게 하려면 해당 파일을 유니코드 형식으로 저장하십시오.
         CCControlColourPicker.cpp
     1>c:\users\pineoc\documents\github\hungrygame\cocos2dx\platform\ccsaxparser.h : warning C4819: 현재 코드 페이지(949)에서 표시할 수 없는 문자가 파일에 들어 있습니다. 데이터가 손실되지 않게 하려면 해당 파일을 유니코드 형식으로 저장하십시오.
         CCControlButton.cpp
     1>c:\users\pineoc\documents\github\hungrygame\cocos2dx\platform\ccsaxparser.h : warning C4819: 현재 코드 페이지(949)에서 표시할 수 없는 문자가 파일에 들어 있습니다. 데이터가 손실되지 않게 하려면 해당 파일을 유니코드 형식으로 저장하십시오.
         CCControl.cpp
     1>c:\users\pineoc\documents\github\hungrygame\cocos2dx\platform\ccsaxparser.h : warning C4819: 현재 코드 페이지(949)에서 표시할 수 없는 문자가 파일에 들어 있습니다. 데이터가 손실되지 않게 하려면 해당 파일을 유니코드 형식으로 저장하십시오.
         CCInputDelegate.cpp
     1>c:\users\pineoc\documents\github\hungrygame\cocos2dx\platform\ccsaxparser.h : warning C4819: 현재 코드 페이지(949)에서 표시할 수 없는 문자가 파일에 들어 있습니다. 데이터가 손실되지 않게 하려면 해당 파일을 유니코드 형식으로 저장하십시오.
         CCComController.cpp
     1>c:\users\pineoc\documents\github\hungrygame\cocos2dx\platform\ccsaxparser.h : warning C4819: 현재 코드 페이지(949)에서 표시할 수 없는 문자가 파일에 들어 있습니다. 데이터가 손실되지 않게 하려면 해당 파일을 유니코드 형식으로 저장하십시오.
         CCComAudio.cpp
     1>c:\users\pineoc\documents\github\hungrygame\cocos2dx\platform\ccsaxparser.h : warning C4819: 현재 코드 페이지(949)에서 표시할 수 없는 문자가 파일에 들어 있습니다. 데이터가 손실되지 않게 하려면 해당 파일을 유니코드 형식으로 저장하십시오.
         CCComAttribute.cpp
     1>c:\users\pineoc\documents\github\hungrygame\cocos2dx\platform\ccsaxparser.h : warning C4819: 현재 코드 페이지(949)에서 표시할 수 없는 문자가 파일에 들어 있습니다. 데이터가 손실되지 않게 하려면 해당 파일을 유니코드 형식으로 저장하십시오.
         CCSpriteLoader.cpp
     1>c:\users\pineoc\documents\github\hungrygame\cocos2dx\platform\ccsaxparser.h : warning C4819: 현재 코드 페이지(949)에서 표시할 수 없는 문자가 파일에 들어 있습니다. 데이터가 손실되지 않게 하려면 해당 파일을 유니코드 형식으로 저장하십시오.
         CCScrollViewLoader.cpp
     1>c:\users\pineoc\documents\github\hungrygame\cocos2dx\platform\ccsaxparser.h : warning C4819: 현재 코드 페이지(949)에서 표시할 수 없는 문자가 파일에 들어 있습니다. 데이터가 손실되지 않게 하려면 해당 파일을 유니코드 형식으로 저장하십시오.
         CCScale9SpriteLoader.cpp
     1>c:\users\pineoc\documents\github\hungrygame\cocos2dx\platform\ccsaxparser.h : warning C4819: 현재 코드 페이지(949)에서 표시할 수 없는 문자가 파일에 들어 있습니다. 데이터가 손실되지 않게 하려면 해당 파일을 유니코드 형식으로 저장하십시오.
         CCParticleSystemQuadLoader.cpp
     1>c:\users\pineoc\documents\github\hungrygame\cocos2dx\platform\ccsaxparser.h : warning C4819: 현재 코드 페이지(949)에서 표시할 수 없는 문자가 파일에 들어 있습니다. 데이터가 손실되지 않게 하려면 해당 파일을 유니코드 형식으로 저장하십시오.
         CCNodeLoaderLibrary.cpp
     1>c:\users\pineoc\documents\github\hungrygame\cocos2dx\platform\ccsaxparser.h : warning C4819: 현재 코드 페이지(949)에서 표시할 수 없는 문자가 파일에 들어 있습니다. 데이터가 손실되지 않게 하려면 해당 파일을 유니코드 형식으로 저장하십시오.
         CCNodeLoader.cpp
     1>c:\users\pineoc\documents\github\hungrygame\cocos2dx\platform\ccsaxparser.h : warning C4819: 현재 코드 페이지(949)에서 표시할 수 없는 문자가 파일에 들어 있습니다. 데이터가 손실되지 않게 하려면 해당 파일을 유니코드 형식으로 저장하십시오.
         CCNode+CCBRelativePositioning.cpp
     1>c:\users\pineoc\documents\github\hungrygame\cocos2dx\platform\ccsaxparser.h : warning C4819: 현재 코드 페이지(949)에서 표시할 수 없는 문자가 파일에 들어 있습니다. 데이터가 손실되지 않게 하려면 해당 파일을 유니코드 형식으로 저장하십시오.
         CCMenuItemLoader.cpp
     1>c:\users\pineoc\documents\github\hungrygame\cocos2dx\platform\ccsaxparser.h : warning C4819: 현재 코드 페이지(949)에서 표시할 수 없는 문자가 파일에 들어 있습니다. 데이터가 손실되지 않게 하려면 해당 파일을 유니코드 형식으로 저장하십시오.
         CCMenuItemImageLoader.cpp
     1>c:\users\pineoc\documents\github\hungrygame\cocos2dx\platform\ccsaxparser.h : warning C4819: 현재 코드 페이지(949)에서 표시할 수 없는 문자가 파일에 들어 있습니다. 데이터가 손실되지 않게 하려면 해당 파일을 유니코드 형식으로 저장하십시오.
         CCLayerLoader.cpp
     1>c:\users\pineoc\documents\github\hungrygame\cocos2dx\platform\ccsaxparser.h : warning C4819: 현재 코드 페이지(949)에서 표시할 수 없는 문자가 파일에 들어 있습니다. 데이터가 손실되지 않게 하려면 해당 파일을 유니코드 형식으로 저장하십시오.
         CCLayerGradientLoader.cpp
     1>c:\users\pineoc\documents\github\hungrygame\cocos2dx\platform\ccsaxparser.h : warning C4819: 현재 코드 페이지(949)에서 표시할 수 없는 문자가 파일에 들어 있습니다. 데이터가 손실되지 않게 하려면 해당 파일을 유니코드 형식으로 저장하십시오.
         코드를 생성하고 있습니다...
         컴파일하고 있습니다...
         CCLayerColorLoader.cpp
     1>c:\users\pineoc\documents\github\hungrygame\cocos2dx\platform\ccsaxparser.h : warning C4819: 현재 코드 페이지(949)에서 표시할 수 없는 문자가 파일에 들어 있습니다. 데이터가 손실되지 않게 하려면 해당 파일을 유니코드 형식으로 저장하십시오.
         CCLabelTTFLoader.cpp
     1>c:\users\pineoc\documents\github\hungrygame\cocos2dx\platform\ccsaxparser.h : warning C4819: 현재 코드 페이지(949)에서 표시할 수 없는 문자가 파일에 들어 있습니다. 데이터가 손실되지 않게 하려면 해당 파일을 유니코드 형식으로 저장하십시오.
         CCLabelBMFontLoader.cpp
     1>c:\users\pineoc\documents\github\hungrygame\cocos2dx\platform\ccsaxparser.h : warning C4819: 현재 코드 페이지(949)에서 표시할 수 없는 문자가 파일에 들어 있습니다. 데이터가 손실되지 않게 하려면 해당 파일을 유니코드 형식으로 저장하십시오.
         CCData.cpp
     1>c:\users\pineoc\documents\github\hungrygame\cocos2dx\platform\ccsaxparser.h : warning C4819: 현재 코드 페이지(949)에서 표시할 수 없는 문자가 파일에 들어 있습니다. 데이터가 손실되지 않게 하려면 해당 파일을 유니코드 형식으로 저장하십시오.
         CCControlLoader.cpp
     1>c:\users\pineoc\documents\github\hungrygame\cocos2dx\platform\ccsaxparser.h : warning C4819: 현재 코드 페이지(949)에서 표시할 수 없는 문자가 파일에 들어 있습니다. 데이터가 손실되지 않게 하려면 해당 파일을 유니코드 형식으로 저장하십시오.
         CCControlButtonLoader.cpp
     1>c:\users\pineoc\documents\github\hungrygame\cocos2dx\platform\ccsaxparser.h : warning C4819: 현재 코드 페이지(949)에서 표시할 수 없는 문자가 파일에 들어 있습니다. 데이터가 손실되지 않게 하려면 해당 파일을 유니코드 형식으로 저장하십시오.
         CCBValue.cpp
     1>c:\users\pineoc\documents\github\hungrygame\cocos2dx\platform\ccsaxparser.h : warning C4819: 현재 코드 페이지(949)에서 표시할 수 없는 문자가 파일에 들어 있습니다. 데이터가 손실되지 않게 하려면 해당 파일을 유니코드 형식으로 저장하십시오.
         CCBSequenceProperty.cpp
     1>c:\users\pineoc\documents\github\hungrygame\cocos2dx\platform\ccsaxparser.h : warning C4819: 현재 코드 페이지(949)에서 표시할 수 없는 문자가 파일에 들어 있습니다. 데이터가 손실되지 않게 하려면 해당 파일을 유니코드 형식으로 저장하십시오.
         CCBSequence.cpp
     1>c:\users\pineoc\documents\github\hungrygame\cocos2dx\platform\ccsaxparser.h : warning C4819: 현재 코드 페이지(949)에서 표시할 수 없는 문자가 파일에 들어 있습니다. 데이터가 손실되지 않게 하려면 해당 파일을 유니코드 형식으로 저장하십시오.
         CCBReader.cpp
     1>c:\users\pineoc\documents\github\hungrygame\cocos2dx\platform\ccsaxparser.h : warning C4819: 현재 코드 페이지(949)에서 표시할 수 없는 문자가 파일에 들어 있습니다. 데이터가 손실되지 않게 하려면 해당 파일을 유니코드 형식으로 저장하십시오.
         CCBKeyframe.cpp
     1>c:\users\pineoc\documents\github\hungrygame\cocos2dx\platform\ccsaxparser.h : warning C4819: 현재 코드 페이지(949)에서 표시할 수 없는 문자가 파일에 들어 있습니다. 데이터가 손실되지 않게 하려면 해당 파일을 유니코드 형식으로 저장하십시오.
         CCBFileLoader.cpp
     1>c:\users\pineoc\documents\github\hungrygame\cocos2dx\platform\ccsaxparser.h : warning C4819: 현재 코드 페이지(949)에서 표시할 수 없는 문자가 파일에 들어 있습니다. 데이터가 손실되지 않게 하려면 해당 파일을 유니코드 형식으로 저장하십시오.
         CCBAnimationManager.cpp
     1>c:\users\pineoc\documents\github\hungrygame\cocos2dx\platform\ccsaxparser.h : warning C4819: 현재 코드 페이지(949)에서 표시할 수 없는 문자가 파일에 들어 있습니다. 데이터가 손실되지 않게 하려면 해당 파일을 유니코드 형식으로 저장하십시오.
         CCUtilMath.cpp
     1>c:\users\pineoc\documents\github\hungrygame\cocos2dx\platform\ccsaxparser.h : warning C4819: 현재 코드 페이지(949)에서 표시할 수 없는 문자가 파일에 들어 있습니다. 데이터가 손실되지 않게 하려면 해당 파일을 유니코드 형식으로 저장하십시오.
         CCTweenFunction.cpp
     1>c:\users\pineoc\documents\github\hungrygame\cocos2dx\platform\ccsaxparser.h : warning C4819: 현재 코드 페이지(949)에서 표시할 수 없는 문자가 파일에 들어 있습니다. 데이터가 손실되지 않게 하려면 해당 파일을 유니코드 형식으로 저장하십시오.
         CCTransformHelp.cpp
     1>c:\users\pineoc\documents\github\hungrygame\cocos2dx\platform\ccsaxparser.h : warning C4819: 현재 코드 페이지(949)에서 표시할 수 없는 문자가 파일에 들어 있습니다. 데이터가 손실되지 않게 하려면 해당 파일을 유니코드 형식으로 저장하십시오.
         CCSpriteFrameCacheHelper.cpp
     1>c:\users\pineoc\documents\github\hungrygame\cocos2dx\platform\ccsaxparser.h : warning C4819: 현재 코드 페이지(949)에서 표시할 수 없는 문자가 파일에 들어 있습니다. 데이터가 손실되지 않게 하려면 해당 파일을 유니코드 형식으로 저장하십시오.
         CCDataReaderHelper.cpp
     1>c:\users\pineoc\documents\github\hungrygame\cocos2dx\platform\ccsaxparser.h : warning C4819: 현재 코드 페이지(949)에서 표시할 수 없는 문자가 파일에 들어 있습니다. 데이터가 손실되지 않게 하려면 해당 파일을 유니코드 형식으로 저장하십시오.
     1>c:\users\pineoc\documents\github\hungrygame\extensions\ccarmature\utils\ccdatareaderhelper.cpp(426): warning C4800: 'int' : 'true' 또는 'false'로 bool 값을 강제하고 있습니다(성능 경고).
         CCArmatureDataManager.cpp
     1>c:\users\pineoc\documents\github\hungrygame\cocos2dx\platform\ccsaxparser.h : warning C4819: 현재 코드 페이지(949)에서 표시할 수 없는 문자가 파일에 들어 있습니다. 데이터가 손실되지 않게 하려면 해당 파일을 유니코드 형식으로 저장하십시오.
         CCPhysicsWorld.cpp
     1>c:\users\pineoc\documents\github\hungrygame\cocos2dx\platform\ccsaxparser.h : warning C4819: 현재 코드 페이지(949)에서 표시할 수 없는 문자가 파일에 들어 있습니다. 데이터가 손실되지 않게 하려면 해당 파일을 유니코드 형식으로 저장하십시오.
         코드를 생성하고 있습니다...
         컴파일하고 있습니다...
         CCColliderDetector.cpp
     1>c:\users\pineoc\documents\github\hungrygame\cocos2dx\platform\ccsaxparser.h : warning C4819: 현재 코드 페이지(949)에서 표시할 수 없는 문자가 파일에 들어 있습니다. 데이터가 손실되지 않게 하려면 해당 파일을 유니코드 형식으로 저장하십시오.
         json_writer.cpp
         json_value.cpp
         json_reader.cpp
         CSContentJsonDictionary.cpp
         GLES-Render.cpp
     1>c:\users\pineoc\documents\github\hungrygame\cocos2dx\platform\ccsaxparser.h : warning C4819: 현재 코드 페이지(949)에서 표시할 수 없는 문자가 파일에 들어 있습니다. 데이터가 손실되지 않게 하려면 해당 파일을 유니코드 형식으로 저장하십시오.
         CCTexture2DMutable.cpp
     1>c:\users\pineoc\documents\github\hungrygame\cocos2dx\platform\ccsaxparser.h : warning C4819: 현재 코드 페이지(949)에서 표시할 수 없는 문자가 파일에 들어 있습니다. 데이터가 손실되지 않게 하려면 해당 파일을 유니코드 형식으로 저장하십시오.
         CCSkin.cpp
     1>c:\users\pineoc\documents\github\hungrygame\cocos2dx\platform\ccsaxparser.h : warning C4819: 현재 코드 페이지(949)에서 표시할 수 없는 문자가 파일에 들어 있습니다. 데이터가 손실되지 않게 하려면 해당 파일을 유니코드 형식으로 저장하십시오.
         CCShaderNode.cpp
     1>c:\users\pineoc\documents\github\hungrygame\cocos2dx\platform\ccsaxparser.h : warning C4819: 현재 코드 페이지(949)에서 표시할 수 없는 문자가 파일에 들어 있습니다. 데이터가 손실되지 않게 하려면 해당 파일을 유니코드 형식으로 저장하십시오.
         CCDisplayManager.cpp
     1>c:\users\pineoc\documents\github\hungrygame\cocos2dx\platform\ccsaxparser.h : warning C4819: 현재 코드 페이지(949)에서 표시할 수 없는 문자가 파일에 들어 있습니다. 데이터가 손실되지 않게 하려면 해당 파일을 유니코드 형식으로 저장하십시오.
         CCDisplayFactory.cpp
     1>c:\users\pineoc\documents\github\hungrygame\cocos2dx\platform\ccsaxparser.h : warning C4819: 현재 코드 페이지(949)에서 표시할 수 없는 문자가 파일에 들어 있습니다. 데이터가 손실되지 않게 하려면 해당 파일을 유니코드 형식으로 저장하십시오.
         CCDecorativeDisplay.cpp
     1>c:\users\pineoc\documents\github\hungrygame\cocos2dx\platform\ccsaxparser.h : warning C4819: 현재 코드 페이지(949)에서 표시할 수 없는 문자가 파일에 들어 있습니다. 데이터가 손실되지 않게 하려면 해당 파일을 유니코드 형식으로 저장하십시오.
         CCBatchNode.cpp
     1>c:\users\pineoc\documents\github\hungrygame\cocos2dx\platform\ccsaxparser.h : warning C4819: 현재 코드 페이지(949)에서 표시할 수 없는 문자가 파일에 들어 있습니다. 데이터가 손실되지 않게 하려면 해당 파일을 유니코드 형식으로 저장하십시오.
         CCDatas.cpp
     1>c:\users\pineoc\documents\github\hungrygame\cocos2dx\platform\ccsaxparser.h : warning C4819: 현재 코드 페이지(949)에서 표시할 수 없는 문자가 파일에 들어 있습니다. 데이터가 손실되지 않게 하려면 해당 파일을 유니코드 형식으로 저장하십시오.
         CCBone.cpp
     1>c:\users\pineoc\documents\github\hungrygame\cocos2dx\platform\ccsaxparser.h : warning C4819: 현재 코드 페이지(949)에서 표시할 수 없는 문자가 파일에 들어 있습니다. 데이터가 손실되지 않게 하려면 해당 파일을 유니코드 형식으로 저장하십시오.
         CCArmature.cpp
     1>c:\users\pineoc\documents\github\hungrygame\cocos2dx\platform\ccsaxparser.h : warning C4819: 현재 코드 페이지(949)에서 표시할 수 없는 문자가 파일에 들어 있습니다. 데이터가 손실되지 않게 하려면 해당 파일을 유니코드 형식으로 저장하십시오.
         CCTween.cpp
     1>c:\users\pineoc\documents\github\hungrygame\cocos2dx\platform\ccsaxparser.h : warning C4819: 현재 코드 페이지(949)에서 표시할 수 없는 문자가 파일에 들어 있습니다. 데이터가 손실되지 않게 하려면 해당 파일을 유니코드 형식으로 저장하십시오.
         CCProcessBase.cpp
     1>c:\users\pineoc\documents\github\hungrygame\cocos2dx\platform\ccsaxparser.h : warning C4819: 현재 코드 페이지(949)에서 표시할 수 없는 문자가 파일에 들어 있습니다. 데이터가 손실되지 않게 하려면 해당 파일을 유니코드 형식으로 저장하십시오.
         CCArmatureAnimation.cpp
     1>c:\users\pineoc\documents\github\hungrygame\cocos2dx\platform\ccsaxparser.h : warning C4819: 현재 코드 페이지(949)에서 표시할 수 없는 문자가 파일에 들어 있습니다. 데이터가 손실되지 않게 하려면 해당 파일을 유니코드 형식으로 저장하십시오.
         AssetsManager.cpp
     1>c:\users\pineoc\documents\github\hungrygame\cocos2dx\platform\ccsaxparser.h : warning C4819: 현재 코드 페이지(949)에서 표시할 수 없는 문자가 파일에 들어 있습니다. 데이터가 손실되지 않게 하려면 해당 파일을 유니코드 형식으로 저장하십시오.
         코드를 생성하고 있습니다...
       Lib:
         C:\Program Files (x86)\Microsoft Visual Studio 11.0\VC\bin\Lib.exe /OUT:"C:\Users\pineoc\Documents\GitHub\hungrygame\Debug.win32\libExtensions.lib" /NOLOGO Debug.win32\AssetsManager.obj
         Debug.win32\CCArmatureAnimation.obj
         Debug.win32\CCProcessBase.obj
         Debug.win32\CCTween.obj
         Debug.win32\CCArmature.obj
         Debug.win32\CCBone.obj
         Debug.win32\CCDatas.obj
         Debug.win32\CCBatchNode.obj
         Debug.win32\CCDecorativeDisplay.obj
         Debug.win32\CCDisplayFactory.obj
         Debug.win32\CCDisplayManager.obj
         Debug.win32\CCShaderNode.obj
         Debug.win32\CCSkin.obj
         Debug.win32\CCTexture2DMutable.obj
         "Debug.win32\GLES-Render.obj"
         Debug.win32\CSContentJsonDictionary.obj
         Debug.win32\json_reader.obj
         Debug.win32\json_value.obj
         Debug.win32\json_writer.obj
         Debug.win32\CCColliderDetector.obj
         Debug.win32\CCPhysicsWorld.obj
         Debug.win32\CCArmatureDataManager.obj
         Debug.win32\CCDataReaderHelper.obj
         Debug.win32\CCSpriteFrameCacheHelper.obj
         Debug.win32\CCTransformHelp.obj
         Debug.win32\CCTweenFunction.obj
         Debug.win32\CCUtilMath.obj
         Debug.win32\CCBAnimationManager.obj
         Debug.win32\CCBFileLoader.obj
         Debug.win32\CCBKeyframe.obj
         Debug.win32\CCBReader.obj
         Debug.win32\CCBSequence.obj
         Debug.win32\CCBSequenceProperty.obj
         Debug.win32\CCBValue.obj
         Debug.win32\CCControlButtonLoader.obj
         Debug.win32\CCControlLoader.obj
         Debug.win32\CCData.obj
         Debug.win32\CCLabelBMFontLoader.obj
         Debug.win32\CCLabelTTFLoader.obj
         Debug.win32\CCLayerColorLoader.obj
         Debug.win32\CCLayerGradientLoader.obj
         Debug.win32\CCLayerLoader.obj
         Debug.win32\CCMenuItemImageLoader.obj
         Debug.win32\CCMenuItemLoader.obj
         Debug.win32\CCNode+CCBRelativePositioning.obj
         Debug.win32\CCNodeLoader.obj
         Debug.win32\CCNodeLoaderLibrary.obj
         Debug.win32\CCParticleSystemQuadLoader.obj
         Debug.win32\CCScale9SpriteLoader.obj
         Debug.win32\CCScrollViewLoader.obj
         Debug.win32\CCSpriteLoader.obj
         Debug.win32\CCComAttribute.obj
         Debug.win32\CCComAudio.obj
         Debug.win32\CCComController.obj
         Debug.win32\CCInputDelegate.obj
         Debug.win32\CCControl.obj
         Debug.win32\CCControlButton.obj
         Debug.win32\CCControlColourPicker.obj
         Debug.win32\CCControlHuePicker.obj
         Debug.win32\CCControlPotentiometer.obj
         Debug.win32\CCControlSaturationBrightnessPicker.obj
         Debug.win32\CCControlSlider.obj
         Debug.win32\CCControlStepper.obj
         Debug.win32\CCControlSwitch.obj
         Debug.win32\CCControlUtils.obj
         Debug.win32\CCInvocation.obj
         Debug.win32\CCScale9Sprite.obj
         Debug.win32\CCEditBox.obj
         Debug.win32\CCEditBoxImplWin.obj
         Debug.win32\CCScrollView.obj
         Debug.win32\CCSorting.obj
         Debug.win32\CCTableView.obj
         Debug.win32\CCTableViewCell.obj
         Debug.win32\LocalStorage.obj
         Debug.win32\HttpClient.obj
         Debug.win32\Websocket.obj
         Debug.win32\CCPhysicsDebugNode.obj
         Debug.win32\CCPhysicsSprite.obj
         Debug.win32\Animation.obj
         Debug.win32\AnimationState.obj
         Debug.win32\AnimationStateData.obj
         Debug.win32\Atlas.obj
         Debug.win32\AtlasAttachmentLoader.obj
         Debug.win32\Attachment.obj
         Debug.win32\AttachmentLoader.obj
         Debug.win32\Bone.obj
         Debug.win32\BoneData.obj
         Debug.win32\CCSkeleton.obj
         Debug.win32\CCSkeletonAnimation.obj
         Debug.win32\extension.obj
         Debug.win32\Json.obj
         Debug.win32\RegionAttachment.obj
         Debug.win32\Skeleton.obj
         Debug.win32\SkeletonData.obj
         Debug.win32\SkeletonJson.obj
         Debug.win32\Skin.obj
         Debug.win32\Slot.obj
         Debug.win32\SlotData.obj
         "Debug.win32\spine-cocos2dx.obj"
         Debug.win32\Win32InputBox.obj
         libExtensions.vcxproj -> C:\Users\pineoc\Documents\GitHub\hungrygame\Debug.win32\libExtensions.lib
     1>"C:\Users\pineoc\Documents\GitHub\hungrygame\extensions\proj.win32\libExtensions.vcxproj" 프로젝트를 빌드했습니다(Rebuild 대상).

빌드했습니다.

경과 시간: 00:02:41.23
