  music.cpp
  main.cpp
  PauseGameScene.cpp
  stageSelectScene.cpp
  optionScene.cpp
  music.cpp
  mainScene.cpp
  gameScene.cpp
d:\haniumproject\hungrygame\hungrygame\classes\gamescene.cpp(97): warning C4305: 'argument' : truncation from 'double' to 'float'
d:\haniumproject\hungrygame\hungrygame\classes\gamescene.cpp(635): warning C4305: 'argument' : truncation from 'double' to 'float'
d:\haniumproject\hungrygame\hungrygame\classes\gamescene.cpp(760): warning C4018: '<' : signed/unsigned mismatch
d:\haniumproject\hungrygame\hungrygame\classes\gamescene.cpp(822): warning C4018: '<' : signed/unsigned mismatch
  gameResultScene.cpp
  gameEndScene.cpp
  food.cpp
  character_main.cpp
  character.cpp
  Obstacle.cpp
  MakerInfoScene.cpp
  Item.cpp
  HelpScene.cpp
  HelloWorldScene.cpp
  BuildingScene.cpp
  AppDelegate.cpp
  Generating Code...
Debug.win32\music.obj : warning LNK4042: object specified more than once; extras ignored
  HungryGame.win32.vcxproj -> D:\haniumProject\hungrygame\Debug.win32\HungryGame.win32.exe
