C:\USERS\PINEOC\DOCUMENTS\GITHUB\HUNGRYGAME\HUNGRYGAME\PROJ.WIN32\DEBUG.WIN32\APPDELEGATE.OBJ
C:\USERS\PINEOC\DOCUMENTS\GITHUB\HUNGRYGAME\HUNGRYGAME\PROJ.WIN32\DEBUG.WIN32\BUILDINGSCENE.OBJ
C:\USERS\PINEOC\DOCUMENTS\GITHUB\HUNGRYGAME\HUNGRYGAME\PROJ.WIN32\DEBUG.WIN32\CHARACTER.OBJ
C:\USERS\PINEOC\DOCUMENTS\GITHUB\HUNGRYGAME\HUNGRYGAME\PROJ.WIN32\DEBUG.WIN32\CHARACTER_MAIN.OBJ
C:\USERS\PINEOC\DOCUMENTS\GITHUB\HUNGRYGAME\HUNGRYGAME\PROJ.WIN32\DEBUG.WIN32\FOOD.OBJ
C:\USERS\PINEOC\DOCUMENTS\GITHUB\HUNGRYGAME\HUNGRYGAME\PROJ.WIN32\DEBUG.WIN32\GAMESCENE.OBJ
C:\USERS\PINEOC\DOCUMENTS\GITHUB\HUNGRYGAME\HUNGRYGAME\PROJ.WIN32\DEBUG.WIN32\HELLOWORLDSCENE.OBJ
C:\USERS\PINEOC\DOCUMENTS\GITHUB\HUNGRYGAME\HUNGRYGAME\PROJ.WIN32\DEBUG.WIN32\HELPSCENE.OBJ
C:\USERS\PINEOC\DOCUMENTS\GITHUB\HUNGRYGAME\HUNGRYGAME\PROJ.WIN32\DEBUG.WIN32\ITEM.OBJ
C:\USERS\PINEOC\DOCUMENTS\GITHUB\HUNGRYGAME\HUNGRYGAME\PROJ.WIN32\DEBUG.WIN32\MAINSCENE.OBJ
C:\USERS\PINEOC\DOCUMENTS\GITHUB\HUNGRYGAME\HUNGRYGAME\PROJ.WIN32\DEBUG.WIN32\MUSIC.OBJ
C:\USERS\PINEOC\DOCUMENTS\GITHUB\HUNGRYGAME\HUNGRYGAME\PROJ.WIN32\DEBUG.WIN32\OPTIONSCENE.OBJ
C:\USERS\PINEOC\DOCUMENTS\GITHUB\HUNGRYGAME\HUNGRYGAME\PROJ.WIN32\DEBUG.WIN32\STAGESELECTSCENE.OBJ
C:\USERS\PINEOC\DOCUMENTS\GITHUB\HUNGRYGAME\HUNGRYGAME\PROJ.WIN32\DEBUG.WIN32\MAKERINFOSCENE.OBJ
C:\USERS\PINEOC\DOCUMENTS\GITHUB\HUNGRYGAME\HUNGRYGAME\PROJ.WIN32\DEBUG.WIN32\OBSTACLE.OBJ
C:\USERS\PINEOC\DOCUMENTS\GITHUB\HUNGRYGAME\HUNGRYGAME\PROJ.WIN32\DEBUG.WIN32\GAMEENDSCENE.OBJ
C:\USERS\PINEOC\DOCUMENTS\GITHUB\HUNGRYGAME\HUNGRYGAME\PROJ.WIN32\DEBUG.WIN32\MAIN.OBJ
C:\USERS\PINEOC\DOCUMENTS\GITHUB\HUNGRYGAME\HUNGRYGAME\PROJ.WIN32\DEBUG.WIN32\PAUSEGAMESCENE.OBJ
C:\USERS\PINEOC\DOCUMENTS\GITHUB\HUNGRYGAME\HUNGRYGAME\PROJ.WIN32\DEBUG.WIN32\VC110.PDB
C:\USERS\PINEOC\DOCUMENTS\GITHUB\HUNGRYGAME\DEBUG.WIN32\HUNGRYGAME.WIN32.ILK
C:\USERS\PINEOC\DOCUMENTS\GITHUB\HUNGRYGAME\DEBUG.WIN32\HUNGRYGAME.WIN32.EXE
C:\USERS\PINEOC\DOCUMENTS\GITHUB\HUNGRYGAME\DEBUG.WIN32\HUNGRYGAME.WIN32.PDB
C:\Users\pineoc\Documents\GitHub\hungrygame\HungryGame\proj.win32\Debug.win32\AppDelegate.obj
C:\Users\pineoc\Documents\GitHub\hungrygame\HungryGame\proj.win32\Debug.win32\BuildingScene.obj
C:\Users\pineoc\Documents\GitHub\hungrygame\HungryGame\proj.win32\Debug.win32\character.obj
C:\Users\pineoc\Documents\GitHub\hungrygame\HungryGame\proj.win32\Debug.win32\character_main.obj
C:\Users\pineoc\Documents\GitHub\hungrygame\HungryGame\proj.win32\Debug.win32\food.obj
C:\Users\pineoc\Documents\GitHub\hungrygame\HungryGame\proj.win32\Debug.win32\gameEndScene.obj
C:\Users\pineoc\Documents\GitHub\hungrygame\HungryGame\proj.win32\Debug.win32\gameScene.obj
C:\Users\pineoc\Documents\GitHub\hungrygame\HungryGame\proj.win32\Debug.win32\HelloWorldScene.obj
C:\Users\pineoc\Documents\GitHub\hungrygame\HungryGame\proj.win32\Debug.win32\HelpScene.obj
C:\Users\pineoc\Documents\GitHub\hungrygame\HungryGame\proj.win32\Debug.win32\Item.obj
C:\Users\pineoc\Documents\GitHub\hungrygame\HungryGame\proj.win32\Debug.win32\main.obj
C:\Users\pineoc\Documents\GitHub\hungrygame\HungryGame\proj.win32\Debug.win32\mainScene.obj
C:\Users\pineoc\Documents\GitHub\hungrygame\HungryGame\proj.win32\Debug.win32\MakerInfoScene.obj
C:\Users\pineoc\Documents\GitHub\hungrygame\HungryGame\proj.win32\Debug.win32\MakerInfoScene_J.obj
C:\Users\pineoc\Documents\GitHub\hungrygame\HungryGame\proj.win32\Debug.win32\music.obj
C:\Users\pineoc\Documents\GitHub\hungrygame\HungryGame\proj.win32\Debug.win32\Obstacle.obj
C:\Users\pineoc\Documents\GitHub\hungrygame\HungryGame\proj.win32\Debug.win32\optionScene.obj
C:\Users\pineoc\Documents\GitHub\hungrygame\HungryGame\proj.win32\Debug.win32\PauseGameScene.obj
C:\Users\pineoc\Documents\GitHub\hungrygame\HungryGame\proj.win32\Debug.win32\stageSelectScene.obj
C:\Users\pineoc\Documents\GitHub\hungrygame\HungryGame\proj.win32\Debug.win32\cl.command.1.tlog
C:\Users\pineoc\Documents\GitHub\hungrygame\HungryGame\proj.win32\Debug.win32\CL.read.1.tlog
C:\Users\pineoc\Documents\GitHub\hungrygame\HungryGame\proj.win32\Debug.win32\CL.write.1.tlog
C:\Users\pineoc\Documents\GitHub\hungrygame\HungryGame\proj.win32\Debug.win32\link-cvtres.read.1.tlog
C:\Users\pineoc\Documents\GitHub\hungrygame\HungryGame\proj.win32\Debug.win32\link-cvtres.write.1.tlog
C:\Users\pineoc\Documents\GitHub\hungrygame\HungryGame\proj.win32\Debug.win32\link-rc.read.1.tlog
C:\Users\pineoc\Documents\GitHub\hungrygame\HungryGame\proj.win32\Debug.win32\link-rc.write.1.tlog
C:\Users\pineoc\Documents\GitHub\hungrygame\HungryGame\proj.win32\Debug.win32\link.3624-cvtres.read.1.tlog
C:\Users\pineoc\Documents\GitHub\hungrygame\HungryGame\proj.win32\Debug.win32\link.3624-cvtres.write.1.tlog
C:\Users\pineoc\Documents\GitHub\hungrygame\HungryGame\proj.win32\Debug.win32\link.3624-rc.read.1.tlog
C:\Users\pineoc\Documents\GitHub\hungrygame\HungryGame\proj.win32\Debug.win32\link.3624-rc.write.1.tlog
C:\Users\pineoc\Documents\GitHub\hungrygame\HungryGame\proj.win32\Debug.win32\link.3624.read.1.tlog
C:\Users\pineoc\Documents\GitHub\hungrygame\HungryGame\proj.win32\Debug.win32\link.3624.write.1.tlog
C:\Users\pineoc\Documents\GitHub\hungrygame\HungryGame\proj.win32\Debug.win32\link.3920-cvtres.read.1.tlog
C:\Users\pineoc\Documents\GitHub\hungrygame\HungryGame\proj.win32\Debug.win32\link.3920-cvtres.write.1.tlog
C:\Users\pineoc\Documents\GitHub\hungrygame\HungryGame\proj.win32\Debug.win32\link.3920-rc.read.1.tlog
C:\Users\pineoc\Documents\GitHub\hungrygame\HungryGame\proj.win32\Debug.win32\link.3920-rc.write.1.tlog
C:\Users\pineoc\Documents\GitHub\hungrygame\HungryGame\proj.win32\Debug.win32\link.3920.read.1.tlog
C:\Users\pineoc\Documents\GitHub\hungrygame\HungryGame\proj.win32\Debug.win32\link.3920.write.1.tlog
C:\Users\pineoc\Documents\GitHub\hungrygame\HungryGame\proj.win32\Debug.win32\link.6236-cvtres.read.1.tlog
C:\Users\pineoc\Documents\GitHub\hungrygame\HungryGame\proj.win32\Debug.win32\link.6236-cvtres.write.1.tlog
C:\Users\pineoc\Documents\GitHub\hungrygame\HungryGame\proj.win32\Debug.win32\link.6236-rc.read.1.tlog
C:\Users\pineoc\Documents\GitHub\hungrygame\HungryGame\proj.win32\Debug.win32\link.6236-rc.write.1.tlog
C:\Users\pineoc\Documents\GitHub\hungrygame\HungryGame\proj.win32\Debug.win32\link.6236.read.1.tlog
C:\Users\pineoc\Documents\GitHub\hungrygame\HungryGame\proj.win32\Debug.win32\link.6236.write.1.tlog
C:\Users\pineoc\Documents\GitHub\hungrygame\HungryGame\proj.win32\Debug.win32\link.832-cvtres.read.1.tlog
C:\Users\pineoc\Documents\GitHub\hungrygame\HungryGame\proj.win32\Debug.win32\link.832-cvtres.write.1.tlog
C:\Users\pineoc\Documents\GitHub\hungrygame\HungryGame\proj.win32\Debug.win32\link.832-rc.read.1.tlog
C:\Users\pineoc\Documents\GitHub\hungrygame\HungryGame\proj.win32\Debug.win32\link.832-rc.write.1.tlog
C:\Users\pineoc\Documents\GitHub\hungrygame\HungryGame\proj.win32\Debug.win32\link.832.read.1.tlog
C:\Users\pineoc\Documents\GitHub\hungrygame\HungryGame\proj.win32\Debug.win32\link.832.write.1.tlog
C:\Users\pineoc\Documents\GitHub\hungrygame\HungryGame\proj.win32\Debug.win32\link.9740-cvtres.read.1.tlog
C:\Users\pineoc\Documents\GitHub\hungrygame\HungryGame\proj.win32\Debug.win32\link.9740-cvtres.write.1.tlog
C:\Users\pineoc\Documents\GitHub\hungrygame\HungryGame\proj.win32\Debug.win32\link.9740-rc.read.1.tlog
C:\Users\pineoc\Documents\GitHub\hungrygame\HungryGame\proj.win32\Debug.win32\link.9740-rc.write.1.tlog
C:\Users\pineoc\Documents\GitHub\hungrygame\HungryGame\proj.win32\Debug.win32\link.9740.read.1.tlog
C:\Users\pineoc\Documents\GitHub\hungrygame\HungryGame\proj.win32\Debug.win32\link.9740.write.1.tlog
C:\Users\pineoc\Documents\GitHub\hungrygame\HungryGame\proj.win32\Debug.win32\link.command.1.tlog
C:\Users\pineoc\Documents\GitHub\hungrygame\HungryGame\proj.win32\Debug.win32\link.read.1.tlog
C:\Users\pineoc\Documents\GitHub\hungrygame\HungryGame\proj.win32\Debug.win32\link.write.1.tlog
C:\Users\pineoc\Documents\GitHub\hungrygame\HungryGame\proj.win32\Debug.win32\rc.command.1.tlog
C:\Users\pineoc\Documents\GitHub\hungrygame\HungryGame\proj.win32\Debug.win32\rc.read.1.tlog
C:\Users\pineoc\Documents\GitHub\hungrygame\HungryGame\proj.win32\Debug.win32\rc.write.1.tlog
C:\Users\pineoc\Documents\GitHub\hungrygame\HungryGame\proj.win32\Debug.win32\HungryGame.res
C:\Users\pineoc\Documents\GitHub\hungrygame\HungryGame\proj.win32\Debug.win32\vc110.idb
C:\Users\pineoc\Documents\GitHub\hungrygame\HungryGame\proj.win32\Debug.win32\vc110.pdb
C:\Users\pineoc\Documents\GitHub\hungrygame\Debug.win32\HungryGame.win32.pdb
C:\Users\pineoc\Documents\GitHub\hungrygame\Debug.win32\HungryGame.win32.exe
C:\Users\pineoc\Documents\GitHub\hungrygame\Debug.win32\HungryGame.win32.ilk
